
[07:00:01 UTC] [INFO] Starting import process | Context: {"template_type":"ai","uuid":"3227b151-5195-4e93-ba8a-2367c51e11ce"}
[07:00:01 UTC] [INFO] AI import started flag set | Context: {"uuid":"3227b151-5195-4e93-ba8a-2367c51e11ce"}
[07:00:01 UTC] [INFO] Started Import Process
[07:00:01 UTC] [INFO] # System Details: 
[07:00:01 UTC] [INFO] Debug Mode 		: Disabled
[07:00:01 UTC] [INFO] Operating System 	: WINNT
[07:00:01 UTC] [INFO] Software 		: Apache/2.4.58 (Win64) OpenSSL/3.1.3 PHP/8.2.12
[07:00:01 UTC] [INFO] MySQL version 		: 10.4.32
[07:00:01 UTC] [INFO] XML Reader 		: Yes
[07:00:01 UTC] [INFO] PHP Version 		: 8.2.12
[07:00:01 UTC] [INFO] PHP Max Input Vars 	: 1000
[07:00:01 UTC] [INFO] PHP Max Post Size 	: 40M
[07:00:01 UTC] [INFO] PHP Extension GD 	: No
[07:00:01 UTC] [INFO] PHP Max Execution Time 	: 120
[07:00:01 UTC] [INFO] Max Upload Size 	: 40 MB
[07:00:01 UTC] [INFO] Memory Limit 		: Current memory limit 40M. We recommend setting memory to at least 64M.
[07:00:01 UTC] [INFO] Timezone 		: 0
[07:00:01 UTC] [INFO] 
-----

[07:00:01 UTC] [INFO] Importing Started! - 07:00:01 UTC
[07:00:01 UTC] [INFO] ---

[07:00:01 UTC] [INFO] WHY IMPORT PROCESS CAN FAIL? READ THIS - 
[07:00:01 UTC] [INFO] https://wpastra.com/docs/?p=1314&utm_source=demo-import-panel&utm_campaign=import-error&utm_medium=wp-dashboard

[07:00:01 UTC] [INFO] ---

[07:00:01 UTC] [SUCCESS] Import process start flag set successfully | Context: {"template_type":"ai"}
[07:00:02 UTC] [INFO] Image subsizes deferral enabled for import
[07:00:04 UTC] [SUCCESS] {"required_plugins":{"active":[],"inactive":[],"notinstalled":[{"name":"Spectra","slug":"ultimate-addons-for-gutenberg","init":"ultimate-addons-for-gutenberg\/ultimate-addons-for-gutenberg.php","action":"http:\/\/localhost\/wordpress\/wp-admin\/update.php?action=install-plugin&plugin=ultimate-addons-for-gutenberg&_wpnonce=2fd2c2ce11"},{"name":"SureForms","slug":"sureforms","init":"sureforms\/sureforms.php","action":"http:\/\/localhost\/wordpress\/wp-admin\/update.php?action=install-plugin&plugin=sureforms&_wpnonce=58a828d00b"},{"name":"SureRank","slug":"surerank","init":"surerank\/surerank.php","action":"http:\/\/localhost\/wordpress\/wp-admin\/update.php?action=install-plugin&plugin=surerank&_wpnonce=87349bac24"},{"name":"LatePoint","slug":"latepoint","init":"latepoint\/latepoint.php","action":"http:\/\/localhost\/wordpress\/wp-admin\/update.php?action=install-plugin&plugin=latepoint&_wpnonce=bf114927c1"}]},"third_party_required_plugins":[],"update_avilable_plugins":[],"incompatible_plugins":[],"error":false} | Context: {"required_plugins":{"active":[],"inactive":[],"notinstalled":[{"name":"Spectra","slug":"ultimate-addons-for-gutenberg","init":"ultimate-addons-for-gutenberg\/ultimate-addons-for-gutenberg.php","action":"http:\/\/localhost\/wordpress\/wp-admin\/update.php?action=install-plugin&plugin=ultimate-addons-for-gutenberg&_wpnonce=2fd2c2ce11"},{"name":"SureForms","slug":"sureforms","init":"sureforms\/sureforms.php","action":"http:\/\/localhost\/wordpress\/wp-admin\/update.php?action=install-plugin&plugin=sureforms&_wpnonce=58a828d00b"},{"name":"SureRank","slug":"surerank","init":"surerank\/surerank.php","action":"http:\/\/localhost\/wordpress\/wp-admin\/update.php?action=install-plugin&plugin=surerank&_wpnonce=87349bac24"},{"name":"LatePoint","slug":"latepoint","init":"latepoint\/latepoint.php","action":"http:\/\/localhost\/wordpress\/wp-admin\/update.php?action=install-plugin&plugin=latepoint&_wpnonce=bf114927c1"}]},"third_party_required_plugins":[],"update_avilable_plugins":[],"incompatible_plugins":[],"error":false}
[07:00:05 UTC] [SUCCESS] {"permissions":{"is_readable":true,"is_writable":true,"is_wp_filesystem":true},"directory":"C:\\xamppp\\htdocs\\wordpress\/wp-content\/uploads"} | Context: {"permissions":{"is_readable":true,"is_writable":true,"is_wp_filesystem":true},"directory":"C:\\xamppp\\htdocs\\wordpress\/wp-content\/uploads"}
[07:00:08 UTC] [INFO] Checking if plugin directory clearing is needed
[07:00:08 UTC] [INFO] Plugin install clear directory - Not an Astra Sites request, skipping
[07:01:43 UTC] [SUCCESS] Plugin Activated | Context: {"success":true,"status":"activated","message":"Plugin Activated"}
[07:01:44 UTC] [INFO] Checking if plugin directory clearing is needed
[07:01:44 UTC] [INFO] Plugin install clear directory - Not an Astra Sites request, skipping
[07:03:18 UTC] [INFO] Import process completed. Cleaning up log file option.